<?xml version="1.0" encoding="UTF-8"?>
<!-- Generated by org.testng.reporters.JUnitReportReporter -->
<testsuite hostname="sachin-PC" name="uiTestPages.RegistrationPage" tests="1" failures="0" timestamp="5 Nov 2019 07:09:04 GMT" time="0.008" errors="0">
  <testcase name="registration" time="0.008" classname="uiTestPages.RegistrationPage"/>
</testsuite> <!-- uiTestPages.RegistrationPage -->
