<?xml version="1.0" encoding="UTF-8"?>
<!-- Generated by org.testng.reporters.JUnitReportReporter -->
<testsuite hostname="sachin-PC" name="uiTestPages.LoginPageTest" tests="1" failures="0" timestamp="8 Nov 2019 09:35:35 GMT" time="133.937" errors="0">
  <testcase name="login" time="133.937" classname="uiTestPages.LoginPageTest"/>
</testsuite> <!-- uiTestPages.LoginPageTest -->
