<?xml version="1.0" encoding="UTF-8"?>
<!-- Generated by org.testng.reporters.JUnitReportReporter -->
<testsuite hostname="sachin-PC" name="uiPages.HomePage" tests="1" failures="0" timestamp="6 Nov 2019 07:01:37 GMT" time="34.146" errors="0">
  <testcase name="login" time="34.146" classname="uiPages.HomePage"/>
</testsuite> <!-- uiPages.HomePage -->
